Current page: 200 http://localhost:80/discuss/306
Response headers:
Array
(
    [Date] => Array
        (
            [0] => Wed, 28 Sep 2016 11:03:54 GMT
        )

    [Server] => Array
        (
            [0] => Apache/2.4.7 (Ubuntu)
        )

    [X-Powered-By] => Array
        (
            [0] => PHP/5.5.9-1ubuntu4.19
        )

    [Vary] => Array
        (
            [0] => Accept-Encoding
        )

    [Content-Length] => Array
        (
            [0] => 275
        )

    [Content-Type] => Array
        (
            [0] => text/html
        )

)

Response content:
<br />
<b>Fatal error</b>:  Call to a member function getEntityType() on a non-object in <b>/mnt/c/Users/Jonathan/Documents/Drupal/wsl/ahs/web/modules/ahs/ahs_er_enhanced/src/Plugin/Field/FieldWidget/EntityReferenceAutocompleteEnhancedWidget.php</b> on line <b>120</b><br />
